# JRE version: Java(TM) SE Runtime Environment (8.0_40-b25) (build 1.8.0_40-b25)
# Java VM: Java HotSpot(TM) 64-Bit Server VM (25.40-b25 mixed mode windows-amd64 compressed oops)
Heap:
 PSYoungGen      total 319488K, used 235801K [0x00000000eab00000, 0x00000000ffc00000, 0x0000000100000000)
  eden space 314368K, 75% used [0x00000000eab00000,0x00000000f9146570,0x00000000fde00000)
  from space 5120K, 0% used [0x00000000fde00000,0x00000000fde00000,0x00000000fe300000)
  to   space 15360K, 0% used [0x00000000fed00000,0x00000000fed00000,0x00000000ffc00000)
 ParOldGen       total 91136K, used 29765K [0x00000000c0000000, 0x00000000c5900000, 0x00000000eab00000)
  object space 91136K, 32% used [0x00000000c0000000,0x00000000c1d115b8,0x00000000c5900000)
 Metaspace       used 55125K, capacity 56930K, committed 60928K, reserved 1101824K
  class space    used 7151K, capacity 7804K, committed 8960K, reserved 1048576K
GC Heap History (10 events):
Event: 9575.748 GC heap before
{Heap before GC invocations=22 (full 5):
 PSYoungGen      total 233984K, used 216064K [0x00000000eab00000, 0x00000000fff80000, 0x0000000100000000)
  eden space 216064K, 100% used [0x00000000eab00000,0x00000000f7e00000,0x00000000f7e00000)
  from space 17920K, 0% used [0x00000000f8e80000,0x00000000f8e80000,0x00000000fa000000)
  to   space 16896K, 0% used [0x00000000f7e00000,0x00000000f7e00000,0x00000000f8e80000)
 ParOldGen       total 91136K, used 50639K [0x00000000c0000000, 0x00000000c5900000, 0x00000000eab00000)
  object space 91136K, 55% used [0x00000000c0000000,0x00000000c3173db0,0x00000000c5900000)
 Metaspace       used 53932K, capacity 57402K, committed 57728K, reserved 1097728K
  class space    used 7405K, capacity 8485K, committed 8576K, reserved 1048576K
Event: 9584.223 GC heap after
Heap after GC invocations=22 (full 5):
 PSYoungGen      total 232960K, used 7198K [0x00000000eab00000, 0x00000000ffe00000, 0x0000000100000000)
  eden space 216064K, 0% used [0x00000000eab00000,0x00000000eab00000,0x00000000f7e00000)
  from space 16896K, 42% used [0x00000000f7e00000,0x00000000f85078a8,0x00000000f8e80000)
  to   space 16384K, 0% used [0x00000000fee00000,0x00000000fee00000,0x00000000ffe00000)
 ParOldGen       total 91136K, used 50647K [0x00000000c0000000, 0x00000000c5900000, 0x00000000eab00000)
  object space 91136K, 55% used [0x00000000c0000000,0x00000000c3175db0,0x00000000c5900000)
 Metaspace       used 53932K, capacity 57402K, committed 57728K, reserved 1097728K
  class space    used 7405K, capacity 8485K, committed 8576K, reserved 1048576K
}
Event: 9617.111 GC heap before
{Heap before GC invocations=23 (full 5):
 PSYoungGen      total 232960K, used 100285K [0x00000000eab00000, 0x00000000ffe00000, 0x0000000100000000)
  eden space 216064K, 43% used [0x00000000eab00000,0x00000000f05e7c58,0x00000000f7e00000)
  from space 16896K, 42% used [0x00000000f7e00000,0x00000000f85078a8,0x00000000f8e80000)
  to   space 16384K, 0% used [0x00000000fee00000,0x00000000fee00000,0x00000000ffe00000)
 ParOldGen       total 91136K, used 50647K [0x00000000c0000000, 0x00000000c5900000, 0x00000000eab00000)
  object space 91136K, 55% used [0x00000000c0000000,0x00000000c3175db0,0x00000000c5900000)
 Metaspace       used 56838K, capacity 60658K, committed 60928K, reserved 1101824K
  class space    used 7710K, capacity 8912K, committed 8960K, reserved 1048576K
Event: 9617.319 GC heap after
Heap after GC invocations=23 (full 5):
 PSYoungGen      total 329728K, used 3593K [0x00000000eab00000, 0x00000000ffd00000, 0x0000000100000000)
  eden space 314368K, 0% used [0x00000000eab00000,0x00000000eab00000,0x00000000fde00000)
  from space 15360K, 23% used [0x00000000fee00000,0x00000000ff1826b0,0x00000000ffd00000)
  to   space 15872K, 0% used [0x00000000fde00000,0x00000000fde00000,0x00000000fed80000)
 ParOldGen       total 91136K, used 52838K [0x00000000c0000000, 0x00000000c5900000, 0x00000000eab00000)
  object space 91136K, 57% used [0x00000000c0000000,0x00000000c3399ae8,0x00000000c5900000)
 Metaspace       used 56838K, capacity 60658K, committed 60928K, reserved 1101824K
  class space    used 7710K, capacity 8912K, committed 8960K, reserved 1048576K
}
Event: 9617.319 GC heap before
{Heap before GC invocations=24 (full 6):
 PSYoungGen      total 329728K, used 3593K [0x00000000eab00000, 0x00000000ffd00000, 0x0000000100000000)
  eden space 314368K, 0% used [0x00000000eab00000,0x00000000eab00000,0x00000000fde00000)
  from space 15360K, 23% used [0x00000000fee00000,0x00000000ff1826b0,0x00000000ffd00000)
  to   space 15872K, 0% used [0x00000000fde00000,0x00000000fde00000,0x00000000fed80000)
 ParOldGen       total 91136K, used 52838K [0x00000000c0000000, 0x00000000c5900000, 0x00000000eab00000)
  object space 91136K, 57% used [0x00000000c0000000,0x00000000c3399ae8,0x00000000c5900000)
 Metaspace       used 56838K, capacity 60658K, committed 60928K, reserved 1101824K
  class space    used 7710K, capacity 8912K, committed 8960K, reserved 1048576K
Event: 9627.396 GC heap after
Heap after GC invocations=24 (full 6):
 PSYoungGen      total 329728K, used 0K [0x00000000eab00000, 0x00000000ffd00000, 0x0000000100000000)
  eden space 314368K, 0% used [0x00000000eab00000,0x00000000eab00000,0x00000000fde00000)
  from space 15360K, 0% used [0x00000000fee00000,0x00000000fee00000,0x00000000ffd00000)
  to   space 15872K, 0% used [0x00000000fde00000,0x00000000fde00000,0x00000000fed80000)
 ParOldGen       total 91136K, used 47621K [0x00000000c0000000, 0x00000000c5900000, 0x00000000eab00000)
  object space 91136K, 52% used [0x00000000c0000000,0x00000000c2e81498,0x00000000c5900000)
 Metaspace       used 55660K, capacity 58920K, committed 60928K, reserved 1101824K
  class space    used 7480K, capacity 8488K, committed 8960K, reserved 1048576K
}
Event: 10806.557 GC heap before
{Heap before GC invocations=25 (full 6):
 PSYoungGen      total 329728K, used 144022K [0x00000000eab00000, 0x00000000ffd00000, 0x0000000100000000)
  eden space 314368K, 45% used [0x00000000eab00000,0x00000000f37a5af0,0x00000000fde00000)
  from space 15360K, 0% used [0x00000000fee00000,0x00000000fee00000,0x00000000ffd00000)
  to   space 15872K, 0% used [0x00000000fde00000,0x00000000fde00000,0x00000000fed80000)
 ParOldGen       total 91136K, used 47621K [0x00000000c0000000, 0x00000000c5900000, 0x00000000eab00000)
  object space 91136K, 52% used [0x00000000c0000000,0x00000000c2e81498,0x00000000c5900000)
 Metaspace       used 56433K, capacity 60120K, committed 60928K, reserved 1101824K
  class space    used 7571K, capacity 8686K, committed 8960K, reserved 1048576K
Event: 10806.594 GC heap after
Heap after GC invocations=25 (full 6):
 PSYoungGen      total 319488K, used 4816K [0x00000000eab00000, 0x00000000ffc00000, 0x0000000100000000)
  eden space 314368K, 0% used [0x00000000eab00000,0x00000000eab00000,0x00000000fde00000)
  from space 5120K, 94% used [0x00000000fde00000,0x00000000fe2b4010,0x00000000fe300000)
  to   space 15360K, 0% used [0x00000000fed00000,0x00000000fed00000,0x00000000ffc00000)
 ParOldGen       total 91136K, used 47629K [0x00000000c0000000, 0x00000000c5900000, 0x00000000eab00000)
  object space 91136K, 52% used [0x00000000c0000000,0x00000000c2e83498,0x00000000c5900000)
 Metaspace       used 56433K, capacity 60120K, committed 60928K, reserved 1101824K
  class space    used 7571K, capacity 8686K, committed 8960K, reserved 1048576K
}
Event: 10806.594 GC heap before
{Heap before GC invocations=26 (full 7):
 PSYoungGen      total 319488K, used 4816K [0x00000000eab00000, 0x00000000ffc00000, 0x0000000100000000)
  eden space 314368K, 0% used [0x00000000eab00000,0x00000000eab00000,0x00000000fde00000)
  from space 5120K, 94% used [0x00000000fde00000,0x00000000fe2b4010,0x00000000fe300000)
  to   space 15360K, 0% used [0x00000000fed00000,0x00000000fed00000,0x00000000ffc00000)
 ParOldGen       total 91136K, used 47629K [0x00000000c0000000, 0x00000000c5900000, 0x00000000eab00000)
  object space 91136K, 52% used [0x00000000c0000000,0x00000000c2e83498,0x00000000c5900000)
 Metaspace       used 56433K, capacity 60120K, committed 60928K, reserved 1101824K
  class space    used 7571K, capacity 8686K, committed 8960K, reserved 1048576K
Event: 10807.080 GC heap after
Heap after GC invocations=26 (full 7):
 PSYoungGen      total 319488K, used 0K [0x00000000eab00000, 0x00000000ffc00000, 0x0000000100000000)
  eden space 314368K, 0% used [0x00000000eab00000,0x00000000eab00000,0x00000000fde00000)
  from space 5120K, 0% used [0x00000000fde00000,0x00000000fde00000,0x00000000fe300000)
  to   space 15360K, 0% used [0x00000000fed00000,0x00000000fed00000,0x00000000ffc00000)
 ParOldGen       total 91136K, used 29765K [0x00000000c0000000, 0x00000000c5900000, 0x00000000eab00000)
  object space 91136K, 32% used [0x00000000c0000000,0x00000000c1d115b8,0x00000000c5900000)
 Metaspace       used 54511K, capacity 55858K, committed 60928K, reserved 1101824K
  class space    used 6983K, capacity 7448K, committed 8960K, reserved 1048576K
}

