# JRE version: Java(TM) SE Runtime Environment (8.0_40-b25) (build 1.8.0_40-b25)
# Java VM: Java HotSpot(TM) 64-Bit Server VM (25.40-b25 mixed mode windows-amd64 compressed oops)
Heap:
 PSYoungGen      total 267264K, used 28690K [0x00000000eab00000, 0x00000000ff700000, 0x0000000100000000)
  eden space 196608K, 0% used [0x00000000eab00000,0x00000000eab00000,0x00000000f6b00000)
  from space 70656K, 40% used [0x00000000fb200000,0x00000000fce04ba0,0x00000000ff700000)
  to   space 71680K, 0% used [0x00000000f6b00000,0x00000000f6b00000,0x00000000fb100000)
 ParOldGen       total 182272K, used 169551K [0x00000000c0000000, 0x00000000cb200000, 0x00000000eab00000)
  object space 182272K, 93% used [0x00000000c0000000,0x00000000ca593ff0,0x00000000cb200000)
 Metaspace       used 6075K, capacity 7152K, committed 7296K, reserved 1056768K
  class space    used 574K, capacity 616K, committed 640K, reserved 1048576K
GC Heap History (10 events):
Event: 34.880 GC heap after
Heap after GC invocations=23 (full 5):
 PSYoungGen      total 251392K, used 0K [0x00000000eab00000, 0x00000000ff280000, 0x0000000100000000)
  eden space 171008K, 0% used [0x00000000eab00000,0x00000000eab00000,0x00000000f5200000)
  from space 80384K, 0% used [0x00000000fa180000,0x00000000fa180000,0x00000000ff000000)
  to   space 81408K, 0% used [0x00000000f5200000,0x00000000f5200000,0x00000000fa180000)
 ParOldGen       total 182272K, used 114378K [0x00000000c0000000, 0x00000000cb200000, 0x00000000eab00000)
  object space 182272K, 62% used [0x00000000c0000000,0x00000000c6fb2b70,0x00000000cb200000)
 Metaspace       used 5904K, capacity 7088K, committed 7296K, reserved 1056768K
  class space    used 555K, capacity 616K, committed 640K, reserved 1048576K
}
Event: 36.503 GC heap before
{Heap before GC invocations=24 (full 5):
 PSYoungGen      total 251392K, used 171008K [0x00000000eab00000, 0x00000000ff280000, 0x0000000100000000)
  eden space 171008K, 100% used [0x00000000eab00000,0x00000000f5200000,0x00000000f5200000)
  from space 80384K, 0% used [0x00000000fa180000,0x00000000fa180000,0x00000000ff000000)
  to   space 81408K, 0% used [0x00000000f5200000,0x00000000f5200000,0x00000000fa180000)
 ParOldGen       total 182272K, used 114378K [0x00000000c0000000, 0x00000000cb200000, 0x00000000eab00000)
  object space 182272K, 62% used [0x00000000c0000000,0x00000000c6fb2b70,0x00000000cb200000)
 Metaspace       used 5908K, capacity 7088K, committed 7296K, reserved 1056768K
  class space    used 555K, capacity 616K, committed 640K, reserved 1048576K
Event: 36.720 GC heap after
Heap after GC invocations=24 (full 5):
 PSYoungGen      total 252416K, used 32628K [0x00000000eab00000, 0x00000000ff800000, 0x0000000100000000)
  eden space 171008K, 0% used [0x00000000eab00000,0x00000000eab00000,0x00000000f5200000)
  from space 81408K, 40% used [0x00000000f5200000,0x00000000f71dd2a8,0x00000000fa180000)
  to   space 76800K, 0% used [0x00000000fad00000,0x00000000fad00000,0x00000000ff800000)
 ParOldGen       total 182272K, used 114378K [0x00000000c0000000, 0x00000000cb200000, 0x00000000eab00000)
  object space 182272K, 62% used [0x00000000c0000000,0x00000000c6fb2b70,0x00000000cb200000)
 Metaspace       used 5908K, capacity 7088K, committed 7296K, reserved 1056768K
  class space    used 555K, capacity 616K, committed 640K, reserved 1048576K
}
Event: 37.631 GC heap before
{Heap before GC invocations=25 (full 5):
 PSYoungGen      total 252416K, used 203636K [0x00000000eab00000, 0x00000000ff800000, 0x0000000100000000)
  eden space 171008K, 100% used [0x00000000eab00000,0x00000000f5200000,0x00000000f5200000)
  from space 81408K, 40% used [0x00000000f5200000,0x00000000f71dd2a8,0x00000000fa180000)
  to   space 76800K, 0% used [0x00000000fad00000,0x00000000fad00000,0x00000000ff800000)
 ParOldGen       total 182272K, used 114378K [0x00000000c0000000, 0x00000000cb200000, 0x00000000eab00000)
  object space 182272K, 62% used [0x00000000c0000000,0x00000000c6fb2b70,0x00000000cb200000)
 Metaspace       used 5910K, capacity 7088K, committed 7296K, reserved 1056768K
  class space    used 555K, capacity 616K, committed 640K, reserved 1048576K
Event: 38.121 GC heap after
Heap after GC invocations=25 (full 5):
 PSYoungGen      total 263168K, used 47203K [0x00000000eab00000, 0x00000000ffd80000, 0x0000000100000000)
  eden space 186368K, 0% used [0x00000000eab00000,0x00000000eab00000,0x00000000f6100000)
  from space 76800K, 61% used [0x00000000fad00000,0x00000000fdb18e28,0x00000000ff800000)
  to   space 77824K, 0% used [0x00000000f6100000,0x00000000f6100000,0x00000000fad00000)
 ParOldGen       total 182272K, used 131999K [0x00000000c0000000, 0x00000000cb200000, 0x00000000eab00000)
  object space 182272K, 72% used [0x00000000c0000000,0x00000000c80e7e60,0x00000000cb200000)
 Metaspace       used 5910K, capacity 7088K, committed 7296K, reserved 1056768K
  class space    used 555K, capacity 616K, committed 640K, reserved 1048576K
}
Event: 39.952 GC heap before
{Heap before GC invocations=26 (full 5):
 PSYoungGen      total 263168K, used 233571K [0x00000000eab00000, 0x00000000ffd80000, 0x0000000100000000)
  eden space 186368K, 100% used [0x00000000eab00000,0x00000000f6100000,0x00000000f6100000)
  from space 76800K, 61% used [0x00000000fad00000,0x00000000fdb18e28,0x00000000ff800000)
  to   space 77824K, 0% used [0x00000000f6100000,0x00000000f6100000,0x00000000fad00000)
 ParOldGen       total 182272K, used 131999K [0x00000000c0000000, 0x00000000cb200000, 0x00000000eab00000)
  object space 182272K, 72% used [0x00000000c0000000,0x00000000c80e7e60,0x00000000cb200000)
 Metaspace       used 5971K, capacity 7152K, committed 7296K, reserved 1056768K
  class space    used 555K, capacity 616K, committed 640K, reserved 1048576K
Event: 40.207 GC heap after
Heap after GC invocations=26 (full 5):
 PSYoungGen      total 264192K, used 28662K [0x00000000eab00000, 0x00000000ffb00000, 0x0000000100000000)
  eden space 186368K, 0% used [0x00000000eab00000,0x00000000eab00000,0x00000000f6100000)
  from space 77824K, 36% used [0x00000000f6100000,0x00000000f7cfda18,0x00000000fad00000)
  to   space 74752K, 0% used [0x00000000fb200000,0x00000000fb200000,0x00000000ffb00000)
 ParOldGen       total 182272K, used 141594K [0x00000000c0000000, 0x00000000cb200000, 0x00000000eab00000)
  object space 182272K, 77% used [0x00000000c0000000,0x00000000c8a46ac0,0x00000000cb200000)
 Metaspace       used 5971K, capacity 7152K, committed 7296K, reserved 1056768K
  class space    used 555K, capacity 616K, committed 640K, reserved 1048576K
}
Event: 41.246 GC heap before
{Heap before GC invocations=27 (full 5):
 PSYoungGen      total 264192K, used 215030K [0x00000000eab00000, 0x00000000ffb00000, 0x0000000100000000)
  eden space 186368K, 100% used [0x00000000eab00000,0x00000000f6100000,0x00000000f6100000)
  from space 77824K, 36% used [0x00000000f6100000,0x00000000f7cfda18,0x00000000fad00000)
  to   space 74752K, 0% used [0x00000000fb200000,0x00000000fb200000,0x00000000ffb00000)
 ParOldGen       total 182272K, used 141594K [0x00000000c0000000, 0x00000000cb200000, 0x00000000eab00000)
  object space 182272K, 77% used [0x00000000c0000000,0x00000000c8a46ac0,0x00000000cb200000)
 Metaspace       used 6075K, capacity 7152K, committed 7296K, reserved 1056768K
  class space    used 574K, capacity 616K, committed 640K, reserved 1048576K
Event: 41.573 GC heap after
Heap after GC invocations=27 (full 5):
 PSYoungGen      total 267264K, used 28690K [0x00000000eab00000, 0x00000000ff700000, 0x0000000100000000)
  eden space 196608K, 0% used [0x00000000eab00000,0x00000000eab00000,0x00000000f6b00000)
  from space 70656K, 40% used [0x00000000fb200000,0x00000000fce04ba0,0x00000000ff700000)
  to   space 71680K, 0% used [0x00000000f6b00000,0x00000000f6b00000,0x00000000fb100000)
 ParOldGen       total 182272K, used 169551K [0x00000000c0000000, 0x00000000cb200000, 0x00000000eab00000)
  object space 182272K, 93% used [0x00000000c0000000,0x00000000ca593ff0,0x00000000cb200000)
 Metaspace       used 6075K, capacity 7152K, committed 7296K, reserved 1056768K
  class space    used 574K, capacity 616K, committed 640K, reserved 1048576K
}
Event: 41.573 GC heap before
{Heap before GC invocations=28 (full 6):
 PSYoungGen      total 267264K, used 28690K [0x00000000eab00000, 0x00000000ff700000, 0x0000000100000000)
  eden space 196608K, 0% used [0x00000000eab00000,0x00000000eab00000,0x00000000f6b00000)
  from space 70656K, 40% used [0x00000000fb200000,0x00000000fce04ba0,0x00000000ff700000)
  to   space 71680K, 0% used [0x00000000f6b00000,0x00000000f6b00000,0x00000000fb100000)
 ParOldGen       total 182272K, used 169551K [0x00000000c0000000, 0x00000000cb200000, 0x00000000eab00000)
  object space 182272K, 93% used [0x00000000c0000000,0x00000000ca593ff0,0x00000000cb200000)
 Metaspace       used 6075K, capacity 7152K, committed 7296K, reserved 1056768K
  class space    used 574K, capacity 616K, committed 640K, reserved 1048576K

